[0719/172950.943:ERROR:process_memory_win.cc(73)] ReadMemory at 0x1b26d210e10 of 72 bytes failed: Only part of a ReadProcessMemory or WriteProcessMemory request was completed. (0x12B)
[0719/172950.946:WARNING:pe_image_annotations_reader.cc(134)] could not read annotations list object in C:\Program Files (x86)\Google\Chrome\Application\84.0.4147.89\chrome_elf.dll
[0719/172950.946:ERROR:process_memory_win.cc(73)] ReadMemory at 0x1b26d340000 of 64 bytes failed: Only part of a ReadProcessMemory or WriteProcessMemory request was completed. (0x12B)
[0719/172950.946:WARNING:pe_image_reader.cc(340)] could not read dos header from C:\windows\System32\RPCRT4.dll
[0719/172950.947:ERROR:process_memory_win.cc(73)] ReadMemory at 0x7ffe27520000 of 64 bytes failed: Only part of a ReadProcessMemory or WriteProcessMemory request was completed. (0x12B)
[0719/172950.947:WARNING:pe_image_reader.cc(340)] could not read dos header from C:\Program Files (x86)\Google\Chrome\Application\84.0.4147.89\chrome.dll
[0719/172950.957:ERROR:process_memory_win.cc(73)] ReadMemory at 0x7ff6a8630000 of 64 bytes failed: Only part of a ReadProcessMemory or WriteProcessMemory request was completed. (0x12B)
[0719/172950.957:WARNING:pe_image_reader.cc(340)] could not read dos header from C:\Program Files (x86)\Google\Chrome\Application\chrome.exe
[0719/172950.958:ERROR:process_memory_win.cc(73)] ReadMemory at 0x7ffeb61c0000 of 64 bytes failed: Only part of a ReadProcessMemory or WriteProcessMemory request was completed. (0x12B)
[0719/172950.958:WARNING:pe_image_reader.cc(340)] could not read dos header from C:\windows\SYSTEM32\ntdll.dll
[0719/172950.958:ERROR:process_memory_win.cc(73)] ReadMemory at 0x7ffeb5500000 of 64 bytes failed: Only part of a ReadProcessMemory or WriteProcessMemory request was completed. (0x12B)
[0719/172950.958:WARNING:pe_image_reader.cc(340)] could not read dos header from C:\windows\System32\KERNEL32.DLL
[0719/172950.958:ERROR:process_memory_win.cc(73)] ReadMemory at 0x7ffeb3e20000 of 64 bytes failed: Only part of a ReadProcessMemory or WriteProcessMemory request was completed. (0x12B)
[0719/172950.958:WARNING:pe_image_reader.cc(340)] could not read dos header from C:\windows\System32\KERNELBASE.dll
[0719/172950.958:ERROR:process_memory_win.cc(73)] ReadMemory at 0x7ffe462e0000 of 64 bytes failed: Only part of a ReadProcessMemory or WriteProcessMemory request was completed. (0x12B)
[0719/172950.958:WARNING:pe_image_reader.cc(340)] could not read dos header from C:\Program Files (x86)\Google\Chrome\Application\84.0.4147.89\chrome_elf.dll
[0719/172950.958:ERROR:process_memory_win.cc(73)] ReadMemory at 0x7ffea9e80000 of 64 bytes failed: Only part of a ReadProcessMemory or WriteProcessMemory request was completed. (0x12B)
[0719/172950.958:WARNING:pe_image_reader.cc(340)] could not read dos header from C:\windows\SYSTEM32\VERSION.dll
[0719/172950.958:ERROR:process_memory_win.cc(73)] ReadMemory at 0x7ffeb6010000 of 64 bytes failed: Only part of a ReadProcessMemory or WriteProcessMemory request was completed. (0x12B)
[0719/172950.958:WARNING:pe_image_reader.cc(340)] could not read dos header from C:\windows\System32\msvcrt.dll
[0719/172950.958:ERROR:process_memory_win.cc(73)] ReadMemory at 0x7ffeb34c0000 of 64 bytes failed: Only part of a ReadProcessMemory or WriteProcessMemory request was completed. (0x12B)
[0719/172950.958:WARNING:pe_image_reader.cc(340)] could not read dos header from C:\windows\System32\bcryptPrimitives.dll
[0719/172950.958:ERROR:process_memory_win.cc(73)] ReadMemory at 0x7ffeb52b0000 of 64 bytes failed: Only part of a ReadProcessMemory or WriteProcessMemory request was completed. (0x12B)
[0719/172950.958:WARNING:pe_image_reader.cc(340)] could not read dos header from C:\windows\System32\ADVAPI32.dll
[0719/172950.958:ERROR:process_memory_win.cc(73)] ReadMemory at 0x7ffeb5f70000 of 64 bytes failed: Only part of a ReadProcessMemory or WriteProcessMemory request was completed. (0x12B)
[0719/172950.959:WARNING:pe_image_reader.cc(340)] could not read dos header from C:\windows\System32\sechost.dll
[0719/172950.959:ERROR:process_memory_win.cc(73)] ReadMemory at 0x1b26d340000 of 64 bytes failed: Only part of a ReadProcessMemory or WriteProcessMemory request was completed. (0x12B)
[0719/172950.959:WARNING:pe_image_reader.cc(340)] could not read dos header from C:\windows\System32\RPCRT4.dll
[0719/172950.959:ERROR:process_memory_win.cc(73)] ReadMemory at 0x7ffe27520000 of 64 bytes failed: Only part of a ReadProcessMemory or WriteProcessMemory request was completed. (0x12B)
[0719/172950.959:WARNING:pe_image_reader.cc(340)] could not read dos header from C:\Program Files (x86)\Google\Chrome\Application\84.0.4147.89\chrome.dll
[0719/172950.959:ERROR:process_memory_win.cc(73)] ReadMemory at 0x7ffeb5bd0000 of 64 bytes failed: Only part of a ReadProcessMemory or WriteProcessMemory request was completed. (0x12B)
[0719/172950.959:WARNING:pe_image_reader.cc(340)] could not read dos header from C:\windows\System32\WS2_32.dll
[0719/172950.959:ERROR:process_memory_win.cc(73)] ReadMemory at 0x7ffeb60b0000 of 64 bytes failed: Only part of a ReadProcessMemory or WriteProcessMemory request was completed. (0x12B)
[0719/172950.959:WARNING:pe_image_reader.cc(340)] could not read dos header from C:\windows\System32\OLEAUT32.dll
[0719/172950.959:ERROR:process_memory_win.cc(73)] ReadMemory at 0x7ffeb3420000 of 64 bytes failed: Only part of a ReadProcessMemory or WriteProcessMemory request was completed. (0x12B)
[0719/172950.959:WARNING:pe_image_reader.cc(340)] could not read dos header from C:\windows\System32\msvcp_win.dll
[0719/172950.959:ERROR:process_memory_win.cc(73)] ReadMemory at 0x7ffeb3540000 of 64 bytes failed: Only part of a ReadProcessMemory or WriteProcessMemory request was completed. (0x12B)
[0719/172950.959:WARNING:pe_image_reader.cc(340)] could not read dos header from C:\windows\System32\ucrtbase.dll
[0719/172950.959:ERROR:process_memory_win.cc(73)] ReadMemory at 0x7ffeb5760000 of 64 bytes failed: Only part of a ReadProcessMemory or WriteProcessMemory request was completed. (0x12B)
[0719/172950.959:WARNING:pe_image_reader.cc(340)] could not read dos header from C:\windows\System32\combase.dll
[0719/172950.959:ERROR:process_memory_win.cc(73)] ReadMemory at 0x7ffeb3dc0000 of 64 bytes failed: Only part of a ReadProcessMemory or WriteProcessMemory request was completed. (0x12B)
[0719/172950.959:WARNING:pe_image_reader.cc(340)] could not read dos header from C:\windows\System32\WINTRUST.dll
[0719/172950.959:ERROR:process_memory_win.cc(73)] ReadMemory at 0x7ffeb3130000 of 64 bytes failed: Only part of a ReadProcessMemory or WriteProcessMemory request was completed. (0x12B)
[0719/172950.959:WARNING:pe_image_reader.cc(340)] could not read dos header from C:\windows\System32\MSASN1.dll
[0719/172950.960:ERROR:process_memory_win.cc(73)] ReadMemory at 0x7ffeb32d0000 of 64 bytes failed: Only part of a ReadProcessMemory or WriteProcessMemory request was completed. (0x12B)
[0719/172950.960:WARNING:pe_image_reader.cc(340)] could not read dos header from C:\windows\System32\CRYPT32.dll
[0719/172950.960:ERROR:process_memory_win.cc(73)] ReadMemory at 0x7ffeb2480000 of 64 bytes failed: Only part of a ReadProcessMemory or WriteProcessMemory request was completed. (0x12B)
[0719/172950.960:WARNING:pe_image_reader.cc(340)] could not read dos header from C:\windows\SYSTEM32\IPHLPAPI.DLL
[0719/172950.960:ERROR:process_memory_win.cc(73)] ReadMemory at 0x7ffeb0c10000 of 64 bytes failed: Only part of a ReadProcessMemory or WriteProcessMemory request was completed. (0x12B)
[0719/172950.960:WARNING:pe_image_reader.cc(340)] could not read dos header from C:\windows\SYSTEM32\WINMM.dll
[0719/172950.960:ERROR:process_memory_win.cc(73)] ReadMemory at 0x7ffea9dc0000 of 64 bytes failed: Only part of a ReadProcessMemory or WriteProcessMemory request was completed. (0x12B)
[0719/172950.960:WARNING:pe_image_reader.cc(340)] could not read dos header from C:\windows\SYSTEM32\Secur32.dll
[0719/172950.960:ERROR:process_memory_win.cc(73)] ReadMemory at 0x7ffeb2f70000 of 64 bytes failed: Only part of a ReadProcessMemory or WriteProcessMemory request was completed. (0x12B)
[0719/172950.960:WARNING:pe_image_reader.cc(340)] could not read dos header from C:\windows\SYSTEM32\USERENV.dll
[0719/172950.960:ERROR:process_memory_win.cc(73)] ReadMemory at 0x7ffeb3090000 of 64 bytes failed: Only part of a ReadProcessMemory or WriteProcessMemory request was completed. (0x12B)
[0719/172950.960:WARNING:pe_image_reader.cc(340)] could not read dos header from C:\windows\System32\profapi.dll
[0719/172950.960:ERROR:process_memory_win.cc(73)] ReadMemory at 0x7ffe9b7c0000 of 64 bytes failed: Only part of a ReadProcessMemory or WriteProcessMemory request was completed. (0x12B)
[0719/172950.960:WARNING:pe_image_reader.cc(340)] could not read dos header from C:\windows\SYSTEM32\UIAutomationCore.DLL
[0719/172950.960:ERROR:process_memory_win.cc(73)] ReadMemory at 0x7ffe9e540000 of 64 bytes failed: Only part of a ReadProcessMemory or WriteProcessMemory request was completed. (0x12B)
[0719/172950.960:WARNING:pe_image_reader.cc(340)] could not read dos header from C:\windows\SYSTEM32\DWrite.dll
[0719/172950.960:ERROR:process_memory_win.cc(73)] ReadMemory at 0x7ffe944c0000 of 64 bytes failed: Only part of a ReadProcessMemory or WriteProcessMemory request was completed. (0x12B)
[0719/172950.961:WARNING:pe_image_reader.cc(340)] could not read dos header from C:\windows\SYSTEM32\WINSPOOL.DRV
[0719/172950.961:ERROR:process_memory_win.cc(73)] ReadMemory at 0x7ffeb3110000 of 64 bytes failed: Only part of a ReadProcessMemory or WriteProcessMemory request was completed. (0x12B)
[0719/172950.961:WARNING:pe_image_reader.cc(340)] could not read dos header from C:\windows\System32\kernel.appcore.dll
[0719/172950.961:ERROR:process_memory_win.cc(73)] ReadMemory at 0x7ffeb3270000 of 64 bytes failed: Only part of a ReadProcessMemory or WriteProcessMemory request was completed. (0x12B)
[0719/172950.961:WARNING:pe_image_reader.cc(340)] could not read dos header from C:\windows\System32\bcrypt.dll
[0719/172950.961:ERROR:process_memory_win.cc(73)] ReadMemory at 0x7ffeb18d0000 of 64 bytes failed: Only part of a ReadProcessMemory or WriteProcessMemory request was completed. (0x12B)
[0719/172950.961:WARNING:pe_image_reader.cc(340)] could not read dos header from C:\windows\SYSTEM32\dbghelp.dll
[0719/172950.961:ERROR:process_memory_win.cc(73)] ReadMemory at 0x7ffeae0a0000 of 64 bytes failed: Only part of a ReadProcessMemory or WriteProcessMemory request was completed. (0x12B)
[0719/172950.961:WARNING:pe_image_reader.cc(340)] could not read dos header from C:\windows\SYSTEM32\WINHTTP.dll
[0719/172950.961:ERROR:process_memory_win.cc(73)] ReadMemory at 0x7ffeae5b0000 of 64 bytes failed: Only part of a ReadProcessMemory or WriteProcessMemory request was completed. (0x12B)
[0719/172950.961:WARNING:pe_image_reader.cc(340)] could not read dos header from C:\windows\SYSTEM32\dhcpcsvc.DLL
[0719/172950.961:ERROR:process_memory_win.cc(73)] ReadMemory at 0x7ffeb5e00000 of 64 bytes failed: Only part of a ReadProcessMemory or WriteProcessMemory request was completed. (0x12B)
[0719/172950.961:WARNING:pe_image_reader.cc(340)] could not read dos header from C:\windows\System32\NSI.dll
[0719/172950.961:ERROR:process_memory_win.cc(73)] ReadMemory at 0x7ffeb0be0000 of 64 bytes failed: Only part of a ReadProcessMemory or WriteProcessMemory request was completed. (0x12B)
[0719/172950.961:WARNING:pe_image_reader.cc(340)] could not read dos header from C:\windows\SYSTEM32\WINMMBASE.dll
[0719/172950.962:ERROR:process_memory_win.cc(73)] ReadMemory at 0x7ffeb3150000 of 64 bytes failed: Only part of a ReadProcessMemory or WriteProcessMemory request was completed. (0x12B)
[0719/172950.962:WARNING:pe_image_reader.cc(340)] could not read dos header from C:\windows\System32\cfgmgr32.dll
[0719/172950.962:ERROR:process_memory_win.cc(73)] ReadMemory at 0x7ffeae240000 of 64 bytes failed: Only part of a ReadProcessMemory or WriteProcessMemory request was completed. (0x12B)
[0719/172950.962:WARNING:pe_image_reader.cc(340)] could not read dos header from C:\windows\SYSTEM32\PROPSYS.dll
[0719/172950.962:ERROR:process_memory_win.cc(73)] ReadMemory at 0x7ffeb5aa0000 of 64 bytes failed: Only part of a ReadProcessMemory or WriteProcessMemory request was completed. (0x12B)
[0719/172950.962:WARNING:pe_image_reader.cc(340)] could not read dos header from C:\windows\System32\shcore.dll
[0719/172950.962:ERROR:process_memory_win.cc(73)] ReadMemory at 0x7ffeb2fa0000 of 64 bytes failed: Only part of a ReadProcessMemory or WriteProcessMemory request was completed. (0x12B)
[0719/172950.962:WARNING:pe_image_reader.cc(340)] could not read dos header from C:\windows\SYSTEM32\SSPICLI.DLL
[0719/172950.962:ERROR:process_memory_win.cc(73)] ReadMemory at 0x7ffeb28e0000 of 64 bytes failed: Only part of a ReadProcessMemory or WriteProcessMemory request was completed. (0x12B)
[0719/172950.962:WARNING:pe_image_reader.cc(340)] could not read dos header from C:\windows\SYSTEM32\CRYPTBASE.DLL
[0719/172950.962:ERROR:process_memory_win.cc(73)] ReadMemory at 0x7ff6a8630000 of 64 bytes failed: Only part of a ReadProcessMemory or WriteProcessMemory request was completed. (0x12B)
[0719/172950.962:WARNING:pe_image_reader.cc(340)] could not read dos header from C:\Program Files (x86)\Google\Chrome\Application\chrome.exe
[0719/172950.962:ERROR:process_memory_win.cc(73)] ReadMemory at 0x7ffeb61c0000 of 64 bytes failed: Only part of a ReadProcessMemory or WriteProcessMemory request was completed. (0x12B)
[0719/172950.962:WARNING:pe_image_reader.cc(340)] could not read dos header from C:\windows\SYSTEM32\ntdll.dll
[0719/172950.962:ERROR:process_memory_win.cc(73)] ReadMemory at 0x7ffeb5500000 of 64 bytes failed: Only part of a ReadProcessMemory or WriteProcessMemory request was completed. (0x12B)
[0719/172950.962:WARNING:pe_image_reader.cc(340)] could not read dos header from C:\windows\System32\KERNEL32.DLL
[0719/172950.962:ERROR:process_memory_win.cc(73)] ReadMemory at 0x7ffeb3e20000 of 64 bytes failed: Only part of a ReadProcessMemory or WriteProcessMemory request was completed. (0x12B)
[0719/172950.963:WARNING:pe_image_reader.cc(340)] could not read dos header from C:\windows\System32\KERNELBASE.dll
[0719/172950.963:ERROR:process_memory_win.cc(73)] ReadMemory at 0x7ffe462e0000 of 64 bytes failed: Only part of a ReadProcessMemory or WriteProcessMemory request was completed. (0x12B)
[0719/172950.963:WARNING:pe_image_reader.cc(340)] could not read dos header from C:\Program Files (x86)\Google\Chrome\Application\84.0.4147.89\chrome_elf.dll
[0719/172950.963:ERROR:process_memory_win.cc(73)] ReadMemory at 0x7ffea9e80000 of 64 bytes failed: Only part of a ReadProcessMemory or WriteProcessMemory request was completed. (0x12B)
[0719/172950.963:WARNING:pe_image_reader.cc(340)] could not read dos header from C:\windows\SYSTEM32\VERSION.dll
[0719/172950.963:ERROR:process_memory_win.cc(73)] ReadMemory at 0x7ffeb6010000 of 64 bytes failed: Only part of a ReadProcessMemory or WriteProcessMemory request was completed. (0x12B)
[0719/172950.963:WARNING:pe_image_reader.cc(340)] could not read dos header from C:\windows\System32\msvcrt.dll
[0719/172950.963:ERROR:process_memory_win.cc(73)] ReadMemory at 0x7ffeb34c0000 of 64 bytes failed: Only part of a ReadProcessMemory or WriteProcessMemory request was completed. (0x12B)
[0719/172950.963:WARNING:pe_image_reader.cc(340)] could not read dos header from C:\windows\System32\bcryptPrimitives.dll
[0719/172950.963:ERROR:process_memory_win.cc(73)] ReadMemory at 0x7ffeb52b0000 of 64 bytes failed: Only part of a ReadProcessMemory or WriteProcessMemory request was completed. (0x12B)
[0719/172950.963:WARNING:pe_image_reader.cc(340)] could not read dos header from C:\windows\System32\ADVAPI32.dll
[0719/172950.963:ERROR:process_memory_win.cc(73)] ReadMemory at 0x7ffeb5f70000 of 64 bytes failed: Only part of a ReadProcessMemory or WriteProcessMemory request was completed. (0x12B)
[0719/172950.963:WARNING:pe_image_reader.cc(340)] could not read dos header from C:\windows\System32\sechost.dll
[0719/172950.963:ERROR:process_memory_win.cc(73)] ReadMemory at 0x1b26d340000 of 64 bytes failed: Only part of a ReadProcessMemory or WriteProcessMemory request was completed. (0x12B)
[0719/172950.963:WARNING:pe_image_reader.cc(340)] could not read dos header from C:\windows\System32\RPCRT4.dll
[0719/172950.963:ERROR:process_memory_win.cc(73)] ReadMemory at 0x7ffe27520000 of 64 bytes failed: Only part of a ReadProcessMemory or WriteProcessMemory request was completed. (0x12B)
[0719/172950.963:WARNING:pe_image_reader.cc(340)] could not read dos header from C:\Program Files (x86)\Google\Chrome\Application\84.0.4147.89\chrome.dll
[0719/172950.963:ERROR:process_memory_win.cc(73)] ReadMemory at 0x7ffeb5bd0000 of 64 bytes failed: Only part of a ReadProcessMemory or WriteProcessMemory request was completed. (0x12B)
[0719/172950.963:WARNING:pe_image_reader.cc(340)] could not read dos header from C:\windows\System32\WS2_32.dll
[0719/172950.964:ERROR:process_memory_win.cc(73)] ReadMemory at 0x7ffeb60b0000 of 64 bytes failed: Only part of a ReadProcessMemory or WriteProcessMemory request was completed. (0x12B)
[0719/172950.964:WARNING:pe_image_reader.cc(340)] could not read dos header from C:\windows\System32\OLEAUT32.dll
[0719/172950.964:ERROR:process_memory_win.cc(73)] ReadMemory at 0x7ffeb3420000 of 64 bytes failed: Only part of a ReadProcessMemory or WriteProcessMemory request was completed. (0x12B)
[0719/172950.964:WARNING:pe_image_reader.cc(340)] could not read dos header from C:\windows\System32\msvcp_win.dll
[0719/172950.964:ERROR:process_memory_win.cc(73)] ReadMemory at 0x7ffeb3540000 of 64 bytes failed: Only part of a ReadProcessMemory or WriteProcessMemory request was completed. (0x12B)
[0719/172950.964:WARNING:pe_image_reader.cc(340)] could not read dos header from C:\windows\System32\ucrtbase.dll
[0719/172950.964:ERROR:process_memory_win.cc(73)] ReadMemory at 0x7ffeb5760000 of 64 bytes failed: Only part of a ReadProcessMemory or WriteProcessMemory request was completed. (0x12B)
[0719/172950.964:WARNING:pe_image_reader.cc(340)] could not read dos header from C:\windows\System32\combase.dll
[0719/172950.964:ERROR:process_memory_win.cc(73)] ReadMemory at 0x7ffeb3dc0000 of 64 bytes failed: Only part of a ReadProcessMemory or WriteProcessMemory request was completed. (0x12B)
[0719/172950.964:WARNING:pe_image_reader.cc(340)] could not read dos header from C:\windows\System32\WINTRUST.dll
[0719/172950.964:ERROR:process_memory_win.cc(73)] ReadMemory at 0x7ffeb3130000 of 64 bytes failed: Only part of a ReadProcessMemory or WriteProcessMemory request was completed. (0x12B)
[0719/172950.964:WARNING:pe_image_reader.cc(340)] could not read dos header from C:\windows\System32\MSASN1.dll
[0719/172950.964:ERROR:process_memory_win.cc(73)] ReadMemory at 0x7ffeb32d0000 of 64 bytes failed: Only part of a ReadProcessMemory or WriteProcessMemory request was completed. (0x12B)
[0719/172950.964:WARNING:pe_image_reader.cc(340)] could not read dos header from C:\windows\System32\CRYPT32.dll
[0719/172950.964:ERROR:process_memory_win.cc(73)] ReadMemory at 0x7ffeb2480000 of 64 bytes failed: Only part of a ReadProcessMemory or WriteProcessMemory request was completed. (0x12B)
[0719/172950.964:WARNING:pe_image_reader.cc(340)] could not read dos header from C:\windows\SYSTEM32\IPHLPAPI.DLL
[0719/172950.964:ERROR:process_memory_win.cc(73)] ReadMemory at 0x7ffeb0c10000 of 64 bytes failed: Only part of a ReadProcessMemory or WriteProcessMemory request was completed. (0x12B)
[0719/172950.964:WARNING:pe_image_reader.cc(340)] could not read dos header from C:\windows\SYSTEM32\WINMM.dll
[0719/172950.964:ERROR:process_memory_win.cc(73)] ReadMemory at 0x7ffea9dc0000 of 64 bytes failed: Only part of a ReadProcessMemory or WriteProcessMemory request was completed. (0x12B)
[0719/172950.964:WARNING:pe_image_reader.cc(340)] could not read dos header from C:\windows\SYSTEM32\Secur32.dll
[0719/172950.964:ERROR:process_memory_win.cc(73)] ReadMemory at 0x7ffeb2f70000 of 64 bytes failed: Only part of a ReadProcessMemory or WriteProcessMemory request was completed. (0x12B)
[0719/172950.965:WARNING:pe_image_reader.cc(340)] could not read dos header from C:\windows\SYSTEM32\USERENV.dll
[0719/172950.965:ERROR:process_memory_win.cc(73)] ReadMemory at 0x7ffeb3090000 of 64 bytes failed: Only part of a ReadProcessMemory or WriteProcessMemory request was completed. (0x12B)
[0719/172950.965:WARNING:pe_image_reader.cc(340)] could not read dos header from C:\windows\System32\profapi.dll
[0719/172950.965:ERROR:process_memory_win.cc(73)] ReadMemory at 0x7ffe9b7c0000 of 64 bytes failed: Only part of a ReadProcessMemory or WriteProcessMemory request was completed. (0x12B)
[0719/172950.965:WARNING:pe_image_reader.cc(340)] could not read dos header from C:\windows\SYSTEM32\UIAutomationCore.DLL
[0719/172950.965:ERROR:process_memory_win.cc(73)] ReadMemory at 0x7ffe9e540000 of 64 bytes failed: Only part of a ReadProcessMemory or WriteProcessMemory request was completed. (0x12B)
[0719/172950.965:WARNING:pe_image_reader.cc(340)] could not read dos header from C:\windows\SYSTEM32\DWrite.dll
[0719/172950.965:ERROR:process_memory_win.cc(73)] ReadMemory at 0x7ffe944c0000 of 64 bytes failed: Only part of a ReadProcessMemory or WriteProcessMemory request was completed. (0x12B)
[0719/172950.965:WARNING:pe_image_reader.cc(340)] could not read dos header from C:\windows\SYSTEM32\WINSPOOL.DRV
[0719/172950.965:ERROR:process_memory_win.cc(73)] ReadMemory at 0x7ffeb3110000 of 64 bytes failed: Only part of a ReadProcessMemory or WriteProcessMemory request was completed. (0x12B)
[0719/172950.965:WARNING:pe_image_reader.cc(340)] could not read dos header from C:\windows\System32\kernel.appcore.dll
[0719/172950.965:ERROR:process_memory_win.cc(73)] ReadMemory at 0x7ffeb3270000 of 64 bytes failed: Only part of a ReadProcessMemory or WriteProcessMemory request was completed. (0x12B)
[0719/172950.965:WARNING:pe_image_reader.cc(340)] could not read dos header from C:\windows\System32\bcrypt.dll
[0719/172950.965:ERROR:process_memory_win.cc(73)] ReadMemory at 0x7ffeb18d0000 of 64 bytes failed: Only part of a ReadProcessMemory or WriteProcessMemory request was completed. (0x12B)
[0719/172950.965:WARNING:pe_image_reader.cc(340)] could not read dos header from C:\windows\SYSTEM32\dbghelp.dll
[0719/172950.965:ERROR:process_memory_win.cc(73)] ReadMemory at 0x7ffeae0a0000 of 64 bytes failed: Only part of a ReadProcessMemory or WriteProcessMemory request was completed. (0x12B)
[0719/172950.965:WARNING:pe_image_reader.cc(340)] could not read dos header from C:\windows\SYSTEM32\WINHTTP.dll
[0719/172950.965:ERROR:process_memory_win.cc(73)] ReadMemory at 0x7ffeae5b0000 of 64 bytes failed: Only part of a ReadProcessMemory or WriteProcessMemory request was completed. (0x12B)
[0719/172950.965:WARNING:pe_image_reader.cc(340)] could not read dos header from C:\windows\SYSTEM32\dhcpcsvc.DLL
[0719/172950.965:ERROR:process_memory_win.cc(73)] ReadMemory at 0x7ffeb5e00000 of 64 bytes failed: Only part of a ReadProcessMemory or WriteProcessMemory request was completed. (0x12B)
[0719/172950.965:WARNING:pe_image_reader.cc(340)] could not read dos header from C:\windows\System32\NSI.dll
[0719/172950.966:ERROR:process_memory_win.cc(73)] ReadMemory at 0x7ffeb0be0000 of 64 bytes failed: Only part of a ReadProcessMemory or WriteProcessMemory request was completed. (0x12B)
[0719/172950.966:WARNING:pe_image_reader.cc(340)] could not read dos header from C:\windows\SYSTEM32\WINMMBASE.dll
[0719/172950.966:ERROR:process_memory_win.cc(73)] ReadMemory at 0x7ffeb3150000 of 64 bytes failed: Only part of a ReadProcessMemory or WriteProcessMemory request was completed. (0x12B)
[0719/172950.966:WARNING:pe_image_reader.cc(340)] could not read dos header from C:\windows\System32\cfgmgr32.dll
[0719/172950.966:ERROR:process_memory_win.cc(73)] ReadMemory at 0x7ffeae240000 of 64 bytes failed: Only part of a ReadProcessMemory or WriteProcessMemory request was completed. (0x12B)
[0719/172950.966:WARNING:pe_image_reader.cc(340)] could not read dos header from C:\windows\SYSTEM32\PROPSYS.dll
[0719/172950.966:ERROR:process_memory_win.cc(73)] ReadMemory at 0x7ffeb5aa0000 of 64 bytes failed: Only part of a ReadProcessMemory or WriteProcessMemory request was completed. (0x12B)
[0719/172950.966:WARNING:pe_image_reader.cc(340)] could not read dos header from C:\windows\System32\shcore.dll
[0719/172950.966:ERROR:process_memory_win.cc(73)] ReadMemory at 0x7ffeb2fa0000 of 64 bytes failed: Only part of a ReadProcessMemory or WriteProcessMemory request was completed. (0x12B)
[0719/172950.966:WARNING:pe_image_reader.cc(340)] could not read dos header from C:\windows\SYSTEM32\SSPICLI.DLL
[0719/172950.966:ERROR:process_memory_win.cc(73)] ReadMemory at 0x7ffeb28e0000 of 64 bytes failed: Only part of a ReadProcessMemory or WriteProcessMemory request was completed. (0x12B)
[0719/172950.966:WARNING:pe_image_reader.cc(340)] could not read dos header from C:\windows\SYSTEM32\CRYPTBASE.DLL
[0719/172951.017:ERROR:process_memory_win.cc(73)] ReadMemory at 0x2c895f1000 of 61440 bytes failed: Only part of a ReadProcessMemory or WriteProcessMemory request was completed. (0x12B)
[0719/172951.017:ERROR:process_memory_win.cc(73)] ReadMemory at 0x2c89dfd000 of 12288 bytes failed: Only part of a ReadProcessMemory or WriteProcessMemory request was completed. (0x12B)
[0719/172951.018:ERROR:process_memory_win.cc(73)] ReadMemory at 0x2c8a5f5000 of 45056 bytes failed: Only part of a ReadProcessMemory or WriteProcessMemory request was completed. (0x12B)
[0719/172951.018:ERROR:process_memory_win.cc(73)] ReadMemory at 0x2c8adfd000 of 12288 bytes failed: Only part of a ReadProcessMemory or WriteProcessMemory request was completed. (0x12B)
[0719/172951.018:ERROR:process_memory_win.cc(73)] ReadMemory at 0x2c8b5fc000 of 16384 bytes failed: Only part of a ReadProcessMemory or WriteProcessMemory request was completed. (0x12B)
[0719/172951.018:ERROR:process_memory_win.cc(73)] ReadMemory at 0x2c8bdfe000 of 8192 bytes failed: Only part of a ReadProcessMemory or WriteProcessMemory request was completed. (0x12B)
[0719/172951.018:ERROR:process_memory_win.cc(73)] ReadMemory at 0x2c8c5fd000 of 12288 bytes failed: Only part of a ReadProcessMemory or WriteProcessMemory request was completed. (0x12B)
[0719/172951.018:ERROR:process_memory_win.cc(73)] ReadMemory at 0x2c8cdfd000 of 12288 bytes failed: Only part of a ReadProcessMemory or WriteProcessMemory request was completed. (0x12B)
[0719/172951.019:ERROR:process_memory_win.cc(73)] ReadMemory at 0x2c8d5fd000 of 12288 bytes failed: Only part of a ReadProcessMemory or WriteProcessMemory request was completed. (0x12B)
[0719/172951.019:ERROR:process_memory_win.cc(73)] ReadMemory at 0x2c8ddfd000 of 12288 bytes failed: Only part of a ReadProcessMemory or WriteProcessMemory request was completed. (0x12B)
[0719/172951.024:ERROR:process_memory_win.cc(73)] ReadMemory at 0x2c8e5fd000 of 12288 bytes failed: Only part of a ReadProcessMemory or WriteProcessMemory request was completed. (0x12B)
[0719/172951.025:ERROR:process_memory_win.cc(73)] ReadMemory at 0x2c8edfd000 of 12288 bytes failed: Only part of a ReadProcessMemory or WriteProcessMemory request was completed. (0x12B)
[0719/172951.025:ERROR:process_memory_win.cc(73)] ReadMemory at 0x2c8f5fd000 of 12288 bytes failed: Only part of a ReadProcessMemory or WriteProcessMemory request was completed. (0x12B)
[0719/172951.025:ERROR:process_memory_win.cc(73)] ReadMemory at 0x2c8fdfd000 of 12288 bytes failed: Only part of a ReadProcessMemory or WriteProcessMemory request was completed. (0x12B)
[0719/172951.025:ERROR:process_memory_win.cc(73)] ReadMemory at 0x2c905fd000 of 12288 bytes failed: Only part of a ReadProcessMemory or WriteProcessMemory request was completed. (0x12B)
[0719/172951.026:ERROR:process_memory_win.cc(73)] ReadMemory at 0x2c90dff000 of 4096 bytes failed: Only part of a ReadProcessMemory or WriteProcessMemory request was completed. (0x12B)
[0719/172951.026:ERROR:process_memory_win.cc(73)] ReadMemory at 0x2c88c00000 of 6024 bytes failed: Only part of a ReadProcessMemory or WriteProcessMemory request was completed. (0x12B)
[0719/172951.026:ERROR:process_memory_win.cc(73)] ReadMemory at 0x2c88c02000 of 6024 bytes failed: Only part of a ReadProcessMemory or WriteProcessMemory request was completed. (0x12B)
[0719/172951.026:ERROR:process_memory_win.cc(73)] ReadMemory at 0x2c88c04000 of 6024 bytes failed: Only part of a ReadProcessMemory or WriteProcessMemory request was completed. (0x12B)
[0719/172951.026:ERROR:process_memory_win.cc(73)] ReadMemory at 0x2c88c06000 of 6024 bytes failed: Only part of a ReadProcessMemory or WriteProcessMemory request was completed. (0x12B)
[0719/172951.026:ERROR:process_memory_win.cc(73)] ReadMemory at 0x2c88c08000 of 6024 bytes failed: Only part of a ReadProcessMemory or WriteProcessMemory request was completed. (0x12B)
[0719/172951.027:ERROR:process_memory_win.cc(73)] ReadMemory at 0x2c88c0a000 of 6024 bytes failed: Only part of a ReadProcessMemory or WriteProcessMemory request was completed. (0x12B)
[0719/172951.027:ERROR:process_memory_win.cc(73)] ReadMemory at 0x2c88c0c000 of 6024 bytes failed: Only part of a ReadProcessMemory or WriteProcessMemory request was completed. (0x12B)
[0719/172951.027:ERROR:process_memory_win.cc(73)] ReadMemory at 0x2c88c0e000 of 6024 bytes failed: Only part of a ReadProcessMemory or WriteProcessMemory request was completed. (0x12B)
[0719/172951.027:ERROR:process_memory_win.cc(73)] ReadMemory at 0x2c88c10000 of 6024 bytes failed: Only part of a ReadProcessMemory or WriteProcessMemory request was completed. (0x12B)
[0719/172951.027:ERROR:process_memory_win.cc(73)] ReadMemory at 0x2c88c12000 of 6024 bytes failed: Only part of a ReadProcessMemory or WriteProcessMemory request was completed. (0x12B)
[0719/172951.027:ERROR:process_memory_win.cc(73)] ReadMemory at 0x2c88c14000 of 6024 bytes failed: Only part of a ReadProcessMemory or WriteProcessMemory request was completed. (0x12B)
[0719/172951.027:ERROR:process_memory_win.cc(73)] ReadMemory at 0x2c88c16000 of 6024 bytes failed: Only part of a ReadProcessMemory or WriteProcessMemory request was completed. (0x12B)
[0719/172951.028:ERROR:process_memory_win.cc(73)] ReadMemory at 0x2c88c18000 of 6024 bytes failed: Only part of a ReadProcessMemory or WriteProcessMemory request was completed. (0x12B)
[0719/172951.028:ERROR:process_memory_win.cc(73)] ReadMemory at 0x2c88df9000 of 852 bytes failed: Only part of a ReadProcessMemory or WriteProcessMemory request was completed. (0x12B)
[0719/172951.028:ERROR:process_memory_win.cc(73)] ReadMemory at 0x2c88dfa000 of 6024 bytes failed: Only part of a ReadProcessMemory or WriteProcessMemory request was completed. (0x12B)
[0719/172951.028:ERROR:process_memory_win.cc(73)] ReadMemory at 0x2c88dfc000 of 6024 bytes failed: Only part of a ReadProcessMemory or WriteProcessMemory request was completed. (0x12B)
[0719/172951.028:ERROR:process_memory_win.cc(73)] ReadMemory at 0x2c88dfe000 of 6024 bytes failed: Only part of a ReadProcessMemory or WriteProcessMemory request was completed. (0x12B)
[0719/172951.029:ERROR:process_memory_win.cc(73)] ReadMemory at 0x1b26d0a89f4 of 512 bytes failed: Only part of a ReadProcessMemory or WriteProcessMemory request was completed. (0x12B)
[0719/172951.029:ERROR:process_memory_win.cc(73)] ReadMemory at 0x1b26d200fe0 of 18968 bytes failed: Only part of a ReadProcessMemory or WriteProcessMemory request was completed. (0x12B)
[0719/172951.029:ERROR:process_memory_win.cc(73)] ReadMemory at 0x1b26d205a00 of 1012 bytes failed: Only part of a ReadProcessMemory or WriteProcessMemory request was completed. (0x12B)
[0719/172951.029:ERROR:process_memory_win.cc(73)] ReadMemory at 0x1b26d206048 of 118 bytes failed: Only part of a ReadProcessMemory or WriteProcessMemory request was completed. (0x12B)
[0719/172951.029:ERROR:process_memory_win.cc(73)] ReadMemory at 0x1b26d2060c0 of 796 bytes failed: Only part of a ReadProcessMemory or WriteProcessMemory request was completed. (0x12B)
[0719/172951.030:ERROR:process_memory_win.cc(73)] ReadMemory at 0x1b26d2063de of 118 bytes failed: Only part of a ReadProcessMemory or WriteProcessMemory request was completed. (0x12B)
[0719/172951.030:ERROR:process_memory_win.cc(73)] ReadMemory at 0x1b26d206456 of 100 bytes failed: Only part of a ReadProcessMemory or WriteProcessMemory request was completed. (0x12B)
[0719/172951.030:ERROR:process_memory_win.cc(73)] ReadMemory at 0x1b26d2064d0 of 58 bytes failed: Only part of a ReadProcessMemory or WriteProcessMemory request was completed. (0x12B)
[0719/172951.030:ERROR:process_memory_win.cc(73)] ReadMemory at 0x1b26d2065d0 of 132 bytes failed: Only part of a ReadProcessMemory or WriteProcessMemory request was completed. (0x12B)
[0719/172951.030:ERROR:process_memory_win.cc(73)] ReadMemory at 0x1b26d206760 of 132 bytes failed: Only part of a ReadProcessMemory or WriteProcessMemory request was completed. (0x12B)
[0719/172951.030:ERROR:process_memory_win.cc(73)] ReadMemory at 0x1b26d206920 of 124 bytes failed: Only part of a ReadProcessMemory or WriteProcessMemory request was completed. (0x12B)
[0719/172951.031:ERROR:process_memory_win.cc(73)] ReadMemory at 0x1b26d206d00 of 132 bytes failed: Only part of a ReadProcessMemory or WriteProcessMemory request was completed. (0x12B)
[0719/172951.031:ERROR:process_memory_win.cc(73)] ReadMemory at 0x1b26d206e90 of 64 bytes failed: Only part of a ReadProcessMemory or WriteProcessMemory request was completed. (0x12B)
[0719/172951.031:ERROR:process_memory_win.cc(73)] ReadMemory at 0x1b26d207050 of 132 bytes failed: Only part of a ReadProcessMemory or WriteProcessMemory request was completed. (0x12B)
[0719/172951.031:ERROR:process_memory_win.cc(73)] ReadMemory at 0x1b26d2072f0 of 132 bytes failed: Only part of a ReadProcessMemory or WriteProcessMemory request was completed. (0x12B)
[0719/172951.031:ERROR:process_memory_win.cc(73)] ReadMemory at 0x1b26d207480 of 68 bytes failed: Only part of a ReadProcessMemory or WriteProcessMemory request was completed. (0x12B)
[0719/172951.031:ERROR:process_memory_win.cc(73)] ReadMemory at 0x1b26d208560 of 132 bytes failed: Only part of a ReadProcessMemory or WriteProcessMemory request was completed. (0x12B)
[0719/172951.031:ERROR:process_memory_win.cc(73)] ReadMemory at 0x1b26d2086f0 of 152 bytes failed: Only part of a ReadProcessMemory or WriteProcessMemory request was completed. (0x12B)
[0719/172951.032:ERROR:process_memory_win.cc(73)] ReadMemory at 0x1b26d20ac60 of 62 bytes failed: Only part of a ReadProcessMemory or WriteProcessMemory request was completed. (0x12B)
[0719/172951.032:ERROR:process_memory_win.cc(73)] ReadMemory at 0x1b26d20ad90 of 132 bytes failed: Only part of a ReadProcessMemory or WriteProcessMemory request was completed. (0x12B)
[0719/172951.032:ERROR:process_memory_win.cc(73)] ReadMemory at 0x1b26d20af20 of 60 bytes failed: Only part of a ReadProcessMemory or WriteProcessMemory request was completed. (0x12B)
[0719/172951.032:ERROR:process_memory_win.cc(73)] ReadMemory at 0x1b26d21b380 of 54 bytes failed: Only part of a ReadProcessMemory or WriteProcessMemory request was completed. (0x12B)
[0719/172951.032:ERROR:process_memory_win.cc(73)] ReadMemory at 0x1b26d21f9a0 of 80 bytes failed: Only part of a ReadProcessMemory or WriteProcessMemory request was completed. (0x12B)
[0719/172951.032:ERROR:process_memory_win.cc(73)] ReadMemory at 0x1b26d21fff0 of 132 bytes failed: Only part of a ReadProcessMemory or WriteProcessMemory request was completed. (0x12B)
[0719/172951.032:ERROR:process_memory_win.cc(73)] ReadMemory at 0x1b26d2206f0 of 132 bytes failed: Only part of a ReadProcessMemory or WriteProcessMemory request was completed. (0x12B)
[0719/172951.032:ERROR:process_memory_win.cc(73)] ReadMemory at 0x1b26d220930 of 132 bytes failed: Only part of a ReadProcessMemory or WriteProcessMemory request was completed. (0x12B)
[0719/172951.033:ERROR:process_memory_win.cc(73)] ReadMemory at 0x1b26d222fb0 of 132 bytes failed: Only part of a ReadProcessMemory or WriteProcessMemory request was completed. (0x12B)
[0719/172951.033:ERROR:process_memory_win.cc(73)] ReadMemory at 0x1b26d2230e0 of 132 bytes failed: Only part of a ReadProcessMemory or WriteProcessMemory request was completed. (0x12B)
[0719/172951.033:ERROR:process_memory_win.cc(73)] ReadMemory at 0x1b26d223210 of 132 bytes failed: Only part of a ReadProcessMemory or WriteProcessMemory request was completed. (0x12B)
[0719/172951.034:ERROR:process_memory_win.cc(73)] ReadMemory at 0x1b26d223340 of 132 bytes failed: Only part of a ReadProcessMemory or WriteProcessMemory request was completed. (0x12B)
[0719/172951.034:ERROR:process_memory_win.cc(73)] ReadMemory at 0x1b26d223470 of 132 bytes failed: Only part of a ReadProcessMemory or WriteProcessMemory request was completed. (0x12B)
[0719/172951.034:ERROR:process_memory_win.cc(73)] ReadMemory at 0x1b26d2235a0 of 132 bytes failed: Only part of a ReadProcessMemory or WriteProcessMemory request was completed. (0x12B)
[0719/172951.034:ERROR:process_memory_win.cc(73)] ReadMemory at 0x1b26d2236d0 of 132 bytes failed: Only part of a ReadProcessMemory or WriteProcessMemory request was completed. (0x12B)
[0719/172951.034:ERROR:process_memory_win.cc(73)] ReadMemory at 0x1b26d223800 of 132 bytes failed: Only part of a ReadProcessMemory or WriteProcessMemory request was completed. (0x12B)
[0719/172951.034:ERROR:process_memory_win.cc(73)] ReadMemory at 0x1b26d223930 of 132 bytes failed: Only part of a ReadProcessMemory or WriteProcessMemory request was completed. (0x12B)
[0719/172951.035:ERROR:process_memory_win.cc(73)] ReadMemory at 0x1b26d223b90 of 132 bytes failed: Only part of a ReadProcessMemory or WriteProcessMemory request was completed. (0x12B)
[0719/172951.035:ERROR:process_memory_win.cc(73)] ReadMemory at 0x1b26d223cc0 of 132 bytes failed: Only part of a ReadProcessMemory or WriteProcessMemory request was completed. (0x12B)
[0719/172951.035:ERROR:process_memory_win.cc(73)] ReadMemory at 0x1b26d223df0 of 132 bytes failed: Only part of a ReadProcessMemory or WriteProcessMemory request was completed. (0x12B)
[0719/172951.035:ERROR:process_memory_win.cc(73)] ReadMemory at 0x1b26d224850 of 80 bytes failed: Only part of a ReadProcessMemory or WriteProcessMemory request was completed. (0x12B)
[0719/172951.035:ERROR:process_memory_win.cc(73)] ReadMemory at 0x1b26d2248b0 of 76 bytes failed: Only part of a ReadProcessMemory or WriteProcessMemory request was completed. (0x12B)
[0719/172951.035:ERROR:process_memory_win.cc(73)] ReadMemory at 0x1b26d225d40 of 132 bytes failed: Only part of a ReadProcessMemory or WriteProcessMemory request was completed. (0x12B)
[0719/172951.035:ERROR:process_memory_win.cc(73)] ReadMemory at 0x1b26d225e70 of 132 bytes failed: Only part of a ReadProcessMemory or WriteProcessMemory request was completed. (0x12B)
[0719/172951.036:ERROR:process_memory_win.cc(73)] ReadMemory at 0x1b26d226030 of 60 bytes failed: Only part of a ReadProcessMemory or WriteProcessMemory request was completed. (0x12B)
[0719/172951.036:ERROR:process_memory_win.cc(73)] ReadMemory at 0x1b26d226080 of 66 bytes failed: Only part of a ReadProcessMemory or WriteProcessMemory request was completed. (0x12B)
[0719/172951.036:ERROR:process_memory_win.cc(73)] ReadMemory at 0x1b26d226170 of 64 bytes failed: Only part of a ReadProcessMemory or WriteProcessMemory request was completed. (0x12B)
[0719/172951.036:ERROR:process_memory_win.cc(73)] ReadMemory at 0x1b26d226210 of 62 bytes failed: Only part of a ReadProcessMemory or WriteProcessMemory request was completed. (0x12B)
[0719/172951.036:ERROR:process_memory_win.cc(73)] ReadMemory at 0x1b26d2262b0 of 62 bytes failed: Only part of a ReadProcessMemory or WriteProcessMemory request was completed. (0x12B)
[0719/172951.037:ERROR:process_memory_win.cc(73)] ReadMemory at 0x1b26d226300 of 60 bytes failed: Only part of a ReadProcessMemory or WriteProcessMemory request was completed. (0x12B)
[0719/172951.037:ERROR:process_memory_win.cc(73)] ReadMemory at 0x1b26d226350 of 60 bytes failed: Only part of a ReadProcessMemory or WriteProcessMemory request was completed. (0x12B)
[0719/172951.039:ERROR:process_memory_win.cc(73)] ReadMemory at 0x1b26d2263a0 of 62 bytes failed: Only part of a ReadProcessMemory or WriteProcessMemory request was completed. (0x12B)
[0719/172951.039:ERROR:process_memory_win.cc(73)] ReadMemory at 0x1b26d226440 of 64 bytes failed: Only part of a ReadProcessMemory or WriteProcessMemory request was completed. (0x12B)
[0719/172951.040:ERROR:process_memory_win.cc(73)] ReadMemory at 0x1b26d226490 of 60 bytes failed: Only part of a ReadProcessMemory or WriteProcessMemory request was completed. (0x12B)
[0719/172951.041:ERROR:process_memory_win.cc(73)] ReadMemory at 0x1b26d226580 of 62 bytes failed: Only part of a ReadProcessMemory or WriteProcessMemory request was completed. (0x12B)
[0719/172951.041:ERROR:process_memory_win.cc(73)] ReadMemory at 0x1b26d226620 of 60 bytes failed: Only part of a ReadProcessMemory or WriteProcessMemory request was completed. (0x12B)
[0719/172951.041:ERROR:process_memory_win.cc(73)] ReadMemory at 0x1b26d226850 of 64 bytes failed: Only part of a ReadProcessMemory or WriteProcessMemory request was completed. (0x12B)
[0719/172951.041:ERROR:process_memory_win.cc(73)] ReadMemory at 0x1b26d2268a0 of 64 bytes failed: Only part of a ReadProcessMemory or WriteProcessMemory request was completed. (0x12B)
[0719/172951.041:ERROR:process_memory_win.cc(73)] ReadMemory at 0x1b26d2268f0 of 62 bytes failed: Only part of a ReadProcessMemory or WriteProcessMemory request was completed. (0x12B)
[0719/172951.042:ERROR:process_memory_win.cc(73)] ReadMemory at 0x1b26d226940 of 64 bytes failed: Only part of a ReadProcessMemory or WriteProcessMemory request was completed. (0x12B)
[0719/172951.042:ERROR:process_memory_win.cc(73)] ReadMemory at 0x1b26d226990 of 58 bytes failed: Only part of a ReadProcessMemory or WriteProcessMemory request was completed. (0x12B)
[0719/172951.042:ERROR:process_memory_win.cc(73)] ReadMemory at 0x1b26d226a30 of 62 bytes failed: Only part of a ReadProcessMemory or WriteProcessMemory request was completed. (0x12B)
[0719/172951.042:ERROR:process_memory_win.cc(73)] ReadMemory at 0x1b26d226ad0 of 64 bytes failed: Only part of a ReadProcessMemory or WriteProcessMemory request was completed. (0x12B)
[0719/172951.042:ERROR:process_memory_win.cc(73)] ReadMemory at 0x1b26d226b20 of 62 bytes failed: Only part of a ReadProcessMemory or WriteProcessMemory request was completed. (0x12B)
[0719/172951.042:ERROR:process_memory_win.cc(73)] ReadMemory at 0x1b26d226b70 of 64 bytes failed: Only part of a ReadProcessMemory or WriteProcessMemory request was completed. (0x12B)
[0719/172951.043:ERROR:process_memory_win.cc(73)] ReadMemory at 0x1b26d226c10 of 62 bytes failed: Only part of a ReadProcessMemory or WriteProcessMemory request was completed. (0x12B)
[0719/172951.043:ERROR:process_memory_win.cc(73)] ReadMemory at 0x1b26d226d50 of 66 bytes failed: Only part of a ReadProcessMemory or WriteProcessMemory request was completed. (0x12B)
[0719/172951.043:ERROR:process_memory_win.cc(73)] ReadMemory at 0x1b26d226da0 of 64 bytes failed: Only part of a ReadProcessMemory or WriteProcessMemory request was completed. (0x12B)
[0719/172951.043:ERROR:process_memory_win.cc(73)] ReadMemory at 0x1b26d226df0 of 62 bytes failed: Only part of a ReadProcessMemory or WriteProcessMemory request was completed. (0x12B)
[0719/172951.043:ERROR:process_memory_win.cc(73)] ReadMemory at 0x1b26d226e40 of 62 bytes failed: Only part of a ReadProcessMemory or WriteProcessMemory request was completed. (0x12B)
[0719/172951.043:ERROR:process_memory_win.cc(73)] ReadMemory at 0x1b26d226ee0 of 60 bytes failed: Only part of a ReadProcessMemory or WriteProcessMemory request was completed. (0x12B)
[0719/172951.043:ERROR:process_memory_win.cc(73)] ReadMemory at 0x1b26d228330 of 132 bytes failed: Only part of a ReadProcessMemory or WriteProcessMemory request was completed. (0x12B)
[0719/172951.044:ERROR:process_memory_win.cc(73)] ReadMemory at 0x1b26d228540 of 132 bytes failed: Only part of a ReadProcessMemory or WriteProcessMemory request was completed. (0x12B)
[0719/172951.044:ERROR:process_memory_win.cc(73)] ReadMemory at 0x1b26d22cd40 of 132 bytes failed: Only part of a ReadProcessMemory or WriteProcessMemory request was completed. (0x12B)
[0719/172951.044:ERROR:process_memory_win.cc(73)] ReadMemory at 0x1b26d22ce70 of 144 bytes failed: Only part of a ReadProcessMemory or WriteProcessMemory request was completed. (0x12B)
[0719/172951.044:ERROR:process_memory_win.cc(73)] ReadMemory at 0x1b26d22e980 of 132 bytes failed: Only part of a ReadProcessMemory or WriteProcessMemory request was completed. (0x12B)
[0719/172951.044:ERROR:process_memory_win.cc(73)] ReadMemory at 0x1b26d22eba0 of 132 bytes failed: Only part of a ReadProcessMemory or WriteProcessMemory request was completed. (0x12B)
[0719/172951.044:ERROR:process_memory_win.cc(73)] ReadMemory at 0x1b26d22f240 of 132 bytes failed: Only part of a ReadProcessMemory or WriteProcessMemory request was completed. (0x12B)
[0719/172951.045:ERROR:process_memory_win.cc(73)] ReadMemory at 0x1b26d22f960 of 132 bytes failed: Only part of a ReadProcessMemory or WriteProcessMemory request was completed. (0x12B)
[0719/172951.045:ERROR:process_memory_win.cc(73)] ReadMemory at 0x1b26d22fcf0 of 132 bytes failed: Only part of a ReadProcessMemory or WriteProcessMemory request was completed. (0x12B)
[0719/172951.045:ERROR:process_memory_win.cc(73)] ReadMemory at 0x1b26d22fe20 of 132 bytes failed: Only part of a ReadProcessMemory or WriteProcessMemory request was completed. (0x12B)
[0719/172951.045:ERROR:process_memory_win.cc(73)] ReadMemory at 0x1b26d22ff50 of 132 bytes failed: Only part of a ReadProcessMemory or WriteProcessMemory request was completed. (0x12B)
[0719/172951.045:ERROR:process_memory_win.cc(73)] ReadMemory at 0x1b26d230080 of 132 bytes failed: Only part of a ReadProcessMemory or WriteProcessMemory request was completed. (0x12B)
[0719/172951.045:ERROR:process_memory_win.cc(73)] ReadMemory at 0x1b26d230410 of 132 bytes failed: Only part of a ReadProcessMemory or WriteProcessMemory request was completed. (0x12B)
[0719/172951.046:ERROR:process_memory_win.cc(73)] ReadMemory at 0x1b26d230540 of 132 bytes failed: Only part of a ReadProcessMemory or WriteProcessMemory request was completed. (0x12B)
[0719/172951.046:ERROR:process_memory_win.cc(73)] ReadMemory at 0x1b26d2307a0 of 132 bytes failed: Only part of a ReadProcessMemory or WriteProcessMemory request was completed. (0x12B)
[0719/172951.046:ERROR:process_memory_win.cc(73)] ReadMemory at 0x1b26d2308d0 of 132 bytes failed: Only part of a ReadProcessMemory or WriteProcessMemory request was completed. (0x12B)
[0719/172951.046:ERROR:process_memory_win.cc(73)] ReadMemory at 0x1b26d2901a8 of 512 bytes failed: Only part of a ReadProcessMemory or WriteProcessMemory request was completed. (0x12B)
[0719/172951.046:ERROR:process_memory_win.cc(73)] ReadMemory at 0x1b26d29f680 of 512 bytes failed: Only part of a ReadProcessMemory or WriteProcessMemory request was completed. (0x12B)
[0719/172951.046:ERROR:process_memory_win.cc(73)] ReadMemory at 0x1b26d2a17c0 of 512 bytes failed: Only part of a ReadProcessMemory or WriteProcessMemory request was completed. (0x12B)
[0719/172951.046:ERROR:process_memory_win.cc(73)] ReadMemory at 0x1b26d2a2d10 of 512 bytes failed: Only part of a ReadProcessMemory or WriteProcessMemory request was completed. (0x12B)
[0719/172951.046:ERROR:process_memory_win.cc(73)] ReadMemory at 0x1b26d2a2f50 of 512 bytes failed: Only part of a ReadProcessMemory or WriteProcessMemory request was completed. (0x12B)
[0719/172951.047:ERROR:process_memory_win.cc(73)] ReadMemory at 0x1b26d2a6810 of 712 bytes failed: Only part of a ReadProcessMemory or WriteProcessMemory request was completed. (0x12B)
[0719/172951.047:ERROR:process_memory_win.cc(73)] ReadMemory at 0x1b26d2cc3b0 of 512 bytes failed: Only part of a ReadProcessMemory or WriteProcessMemory request was completed. (0x12B)
[0719/172951.047:ERROR:process_memory_win.cc(73)] ReadMemory at 0x1b26d2dfbc0 of 512 bytes failed: Only part of a ReadProcessMemory or WriteProcessMemory request was completed. (0x12B)
[0719/172951.047:ERROR:process_memory_win.cc(73)] ReadMemory at 0x1b26d301000 of 512 bytes failed: Only part of a ReadProcessMemory or WriteProcessMemory request was completed. (0x12B)
[0719/172951.047:ERROR:process_memory_win.cc(73)] ReadMemory at 0x1b26ebf0000 of 384 bytes failed: Only part of a ReadProcessMemory or WriteProcessMemory request was completed. (0x12B)
[0719/172951.047:ERROR:process_memory_win.cc(73)] ReadMemory at 0x1b26ec8ea30 of 872 bytes failed: Only part of a ReadProcessMemory or WriteProcessMemory request was completed. (0x12B)
[0719/172951.048:ERROR:process_memory_win.cc(73)] ReadMemory at 0x1b26ee22081 of 591 bytes failed: Only part of a ReadProcessMemory or WriteProcessMemory request was completed. (0x12B)
[0719/172951.048:ERROR:process_memory_win.cc(73)] ReadMemory at 0x1b26ee3ecd0 of 512 bytes failed: Only part of a ReadProcessMemory or WriteProcessMemory request was completed. (0x12B)
[0719/172951.048:ERROR:process_memory_win.cc(73)] ReadMemory at 0x1b26ee4bf50 of 512 bytes failed: Only part of a ReadProcessMemory or WriteProcessMemory request was completed. (0x12B)
[0719/172951.048:ERROR:process_memory_win.cc(73)] ReadMemory at 0x7ffe27520000 of 384 bytes failed: Only part of a ReadProcessMemory or WriteProcessMemory request was completed. (0x12B)
[0719/172951.048:ERROR:process_memory_win.cc(73)] ReadMemory at 0x7ffe29428fa0 of 512 bytes failed: Only part of a ReadProcessMemory or WriteProcessMemory request was completed. (0x12B)
[0719/172951.048:ERROR:process_memory_win.cc(73)] ReadMemory at 0x7ffe29d2968c of 512 bytes failed: Only part of a ReadProcessMemory or WriteProcessMemory request was completed. (0x12B)
[0719/172951.048:ERROR:process_memory_win.cc(73)] ReadMemory at 0x7ffe2efeb188 of 512 bytes failed: Only part of a ReadProcessMemory or WriteProcessMemory request was completed. (0x12B)
[0719/172951.049:ERROR:process_memory_win.cc(73)] ReadMemory at 0x7ffeb3e5a719 of 512 bytes failed: Only part of a ReadProcessMemory or WriteProcessMemory request was completed. (0x12B)
[0719/172951.049:ERROR:process_memory_win.cc(73)] ReadMemory at 0x7ffeb625c074 of 672 bytes failed: Only part of a ReadProcessMemory or WriteProcessMemory request was completed. (0x12B)
[0719/172951.049:ERROR:process_memory_win.cc(73)] ReadMemory at 0x7ffeb625c674 of 512 bytes failed: Only part of a ReadProcessMemory or WriteProcessMemory request was completed. (0x12B)
[0719/172951.049:ERROR:process_memory_win.cc(73)] ReadMemory at 0x7ffeb625d784 of 512 bytes failed: Only part of a ReadProcessMemory or WriteProcessMemory request was completed. (0x12B)
[0719/172951.049:ERROR:process_memory_win.cc(73)] ReadMemory at 0x7ffeb625f924 of 608 bytes failed: Only part of a ReadProcessMemory or WriteProcessMemory request was completed. (0x12B)
[0719/172951.049:ERROR:process_memory_win.cc(73)] ReadMemory at 0x7ffeb62ec428 of 18 bytes failed: Only part of a ReadProcessMemory or WriteProcessMemory request was completed. (0x12B)
[0719/172951.049:ERROR:process_memory_win.cc(73)] ReadMemory at 0x7ffeb631f4f8 of 40 bytes failed: Only part of a ReadProcessMemory or WriteProcessMemory request was completed. (0x12B)
[0719/172951.050:ERROR:process_memory_win.cc(73)] ReadMemory at 0x7ffeb631f978 of 48 bytes failed: Only part of a ReadProcessMemory or WriteProcessMemory request was completed. (0x12B)
[0719/172951.050:ERROR:process_memory_win.cc(73)] ReadMemory at 0x7ffeb63253c0 of 64 bytes failed: Only part of a ReadProcessMemory or WriteProcessMemory request was completed. (0x12B)
[0719/172951.058:ERROR:scoped_process_suspend.cc(40)] NtResumeProcess: An attempt was made to access an exiting process. (0xc000010a)
